# JRE version: Java(TM) SE Runtime Environment (8.0_112-b15) (build 1.8.0_112-b15)
# Java VM: Java HotSpot(TM) 64-Bit Server VM (25.112-b15 mixed mode windows-amd64 compressed oops)
Heap:
 PSYoungGen      total 70656K, used 59050K [0x00000000eb780000, 0x00000000f3100000, 0x0000000100000000)
  eden space 62464K, 81% used [0x00000000eb780000,0x00000000ee92d370,0x00000000ef480000)
  from space 8192K, 99% used [0x00000000f2900000,0x00000000f30fd490,0x00000000f3100000)
  to   space 7680K, 0% used [0x00000000ef480000,0x00000000ef480000,0x00000000efc00000)
 ParOldGen       total 33792K, used 13958K [0x00000000c2600000, 0x00000000c4700000, 0x00000000eb780000)
  object space 33792K, 41% used [0x00000000c2600000,0x00000000c33a1a18,0x00000000c4700000)
 Metaspace       used 32450K, capacity 34134K, committed 34432K, reserved 1085440K
  class space    used 4341K, capacity 4647K, committed 4736K, reserved 1048576K
GC Heap History (10 events):
Event: 4.617 GC heap before
{Heap before GC invocations=5 (full 0):
 PSYoungGen      total 34304K, used 34296K [0x00000000eb780000, 0x00000000edb80000, 0x0000000100000000)
  eden space 31744K, 100% used [0x00000000eb780000,0x00000000ed680000,0x00000000ed680000)
  from space 2560K, 99% used [0x00000000ed900000,0x00000000edb7e010,0x00000000edb80000)
  to   space 2560K, 0% used [0x00000000ed680000,0x00000000ed680000,0x00000000ed900000)
 ParOldGen       total 42496K, used 4689K [0x00000000c2600000, 0x00000000c4f80000, 0x00000000eb780000)
  object space 42496K, 11% used [0x00000000c2600000,0x00000000c2a94750,0x00000000c4f80000)
 Metaspace       used 17254K, capacity 17768K, committed 18048K, reserved 1064960K
  class space    used 2290K, capacity 2428K, committed 2432K, reserved 1048576K
Event: 4.626 GC heap after
Heap after GC invocations=5 (full 0):
 PSYoungGen      total 34304K, used 2552K [0x00000000eb780000, 0x00000000f0280000, 0x0000000100000000)
  eden space 31744K, 0% used [0x00000000eb780000,0x00000000eb780000,0x00000000ed680000)
  from space 2560K, 99% used [0x00000000ed680000,0x00000000ed8fe030,0x00000000ed900000)
  to   space 6656K, 0% used [0x00000000efc00000,0x00000000efc00000,0x00000000f0280000)
 ParOldGen       total 42496K, used 7756K [0x00000000c2600000, 0x00000000c4f80000, 0x00000000eb780000)
  object space 42496K, 18% used [0x00000000c2600000,0x00000000c2d93020,0x00000000c4f80000)
 Metaspace       used 17254K, capacity 17768K, committed 18048K, reserved 1064960K
  class space    used 2290K, capacity 2428K, committed 2432K, reserved 1048576K
}
Event: 5.085 GC heap before
{Heap before GC invocations=6 (full 0):
 PSYoungGen      total 34304K, used 32703K [0x00000000eb780000, 0x00000000f0280000, 0x0000000100000000)
  eden space 31744K, 94% used [0x00000000eb780000,0x00000000ed4f1f70,0x00000000ed680000)
  from space 2560K, 99% used [0x00000000ed680000,0x00000000ed8fe030,0x00000000ed900000)
  to   space 6656K, 0% used [0x00000000efc00000,0x00000000efc00000,0x00000000f0280000)
 ParOldGen       total 42496K, used 7756K [0x00000000c2600000, 0x00000000c4f80000, 0x00000000eb780000)
  object space 42496K, 18% used [0x00000000c2600000,0x00000000c2d93020,0x00000000c4f80000)
 Metaspace       used 20635K, capacity 21250K, committed 21296K, reserved 1067008K
  class space    used 2727K, capacity 2911K, committed 2944K, reserved 1048576K
Event: 5.111 GC heap after
Heap after GC invocations=6 (full 0):
 PSYoungGen      total 69120K, used 6228K [0x00000000eb780000, 0x00000000f0480000, 0x0000000100000000)
  eden space 62464K, 0% used [0x00000000eb780000,0x00000000eb780000,0x00000000ef480000)
  from space 6656K, 93% used [0x00000000efc00000,0x00000000f0215018,0x00000000f0280000)
  to   space 7680K, 0% used [0x00000000ef480000,0x00000000ef480000,0x00000000efc00000)
 ParOldGen       total 42496K, used 7764K [0x00000000c2600000, 0x00000000c4f80000, 0x00000000eb780000)
  object space 42496K, 18% used [0x00000000c2600000,0x00000000c2d95020,0x00000000c4f80000)
 Metaspace       used 20635K, capacity 21250K, committed 21296K, reserved 1067008K
  class space    used 2727K, capacity 2911K, committed 2944K, reserved 1048576K
}
Event: 5.111 GC heap before
{Heap before GC invocations=7 (full 1):
 PSYoungGen      total 69120K, used 6228K [0x00000000eb780000, 0x00000000f0480000, 0x0000000100000000)
  eden space 62464K, 0% used [0x00000000eb780000,0x00000000eb780000,0x00000000ef480000)
  from space 6656K, 93% used [0x00000000efc00000,0x00000000f0215018,0x00000000f0280000)
  to   space 7680K, 0% used [0x00000000ef480000,0x00000000ef480000,0x00000000efc00000)
 ParOldGen       total 42496K, used 7764K [0x00000000c2600000, 0x00000000c4f80000, 0x00000000eb780000)
  object space 42496K, 18% used [0x00000000c2600000,0x00000000c2d95020,0x00000000c4f80000)
 Metaspace       used 20635K, capacity 21250K, committed 21296K, reserved 1067008K
  class space    used 2727K, capacity 2911K, committed 2944K, reserved 1048576K
Event: 5.162 GC heap after
Heap after GC invocations=7 (full 1):
 PSYoungGen      total 69120K, used 0K [0x00000000eb780000, 0x00000000f0480000, 0x0000000100000000)
  eden space 62464K, 0% used [0x00000000eb780000,0x00000000eb780000,0x00000000ef480000)
  from space 6656K, 0% used [0x00000000efc00000,0x00000000efc00000,0x00000000f0280000)
  to   space 7680K, 0% used [0x00000000ef480000,0x00000000ef480000,0x00000000efc00000)
 ParOldGen       total 33792K, used 9933K [0x00000000c2600000, 0x00000000c4700000, 0x00000000eb780000)
  object space 33792K, 29% used [0x00000000c2600000,0x00000000c2fb34c0,0x00000000c4700000)
 Metaspace       used 20633K, capacity 21244K, committed 21296K, reserved 1067008K
  class space    used 2726K, capacity 2910K, committed 2944K, reserved 1048576K
}
Event: 6.155 GC heap before
{Heap before GC invocations=8 (full 1):
 PSYoungGen      total 69120K, used 62464K [0x00000000eb780000, 0x00000000f0480000, 0x0000000100000000)
  eden space 62464K, 100% used [0x00000000eb780000,0x00000000ef480000,0x00000000ef480000)
  from space 6656K, 0% used [0x00000000efc00000,0x00000000efc00000,0x00000000f0280000)
  to   space 7680K, 0% used [0x00000000ef480000,0x00000000ef480000,0x00000000efc00000)
 ParOldGen       total 33792K, used 9933K [0x00000000c2600000, 0x00000000c4700000, 0x00000000eb780000)
  object space 33792K, 29% used [0x00000000c2600000,0x00000000c2fb34c0,0x00000000c4700000)
 Metaspace       used 24887K, capacity 25718K, committed 25856K, reserved 1071104K
  class space    used 3302K, capacity 3511K, committed 3584K, reserved 1048576K
Event: 6.167 GC heap after
Heap after GC invocations=8 (full 1):
 PSYoungGen      total 70144K, used 6865K [0x00000000eb780000, 0x00000000f3100000, 0x0000000100000000)
  eden space 62464K, 0% used [0x00000000eb780000,0x00000000eb780000,0x00000000ef480000)
  from space 7680K, 89% used [0x00000000ef480000,0x00000000efb34468,0x00000000efc00000)
  to   space 8192K, 0% used [0x00000000f2900000,0x00000000f2900000,0x00000000f3100000)
 ParOldGen       total 33792K, used 9941K [0x00000000c2600000, 0x00000000c4700000, 0x00000000eb780000)
  object space 33792K, 29% used [0x00000000c2600000,0x00000000c2fb54c0,0x00000000c4700000)
 Metaspace       used 24887K, capacity 25718K, committed 25856K, reserved 1071104K
  class space    used 3302K, capacity 3511K, committed 3584K, reserved 1048576K
}
Event: 7.132 GC heap before
{Heap before GC invocations=9 (full 1):
 PSYoungGen      total 70144K, used 69329K [0x00000000eb780000, 0x00000000f3100000, 0x0000000100000000)
  eden space 62464K, 100% used [0x00000000eb780000,0x00000000ef480000,0x00000000ef480000)
  from space 7680K, 89% used [0x00000000ef480000,0x00000000efb34468,0x00000000efc00000)
  to   space 8192K, 0% used [0x00000000f2900000,0x00000000f2900000,0x00000000f3100000)
 ParOldGen       total 33792K, used 9941K [0x00000000c2600000, 0x00000000c4700000, 0x00000000eb780000)
  object space 33792K, 29% used [0x00000000c2600000,0x00000000c2fb54c0,0x00000000c4700000)
 Metaspace       used 29472K, capacity 30766K, committed 31104K, reserved 1077248K
  class space    used 3905K, capacity 4151K, committed 4224K, reserved 1048576K
Event: 7.202 GC heap after
Heap after GC invocations=9 (full 1):
 PSYoungGen      total 70656K, used 8181K [0x00000000eb780000, 0x00000000f3100000, 0x0000000100000000)
  eden space 62464K, 0% used [0x00000000eb780000,0x00000000eb780000,0x00000000ef480000)
  from space 8192K, 99% used [0x00000000f2900000,0x00000000f30fd490,0x00000000f3100000)
  to   space 7680K, 0% used [0x00000000ef480000,0x00000000ef480000,0x00000000efc00000)
 ParOldGen       total 33792K, used 13958K [0x00000000c2600000, 0x00000000c4700000, 0x00000000eb780000)
  object space 33792K, 41% used [0x00000000c2600000,0x00000000c33a1a18,0x00000000c4700000)
 Metaspace       used 29472K, capacity 30766K, committed 31104K, reserved 1077248K
  class space    used 3905K, capacity 4151K, committed 4224K, reserved 1048576K
}

